-------------------------------------------------------------------------------
Test set: de.vsy.chat.server.raw_server_test.ServerConnectionTest
-------------------------------------------------------------------------------
Tests run: 1, Failures: 0, Errors: 1, Skipped: 0, Time elapsed: 0.001 s <<< FAILURE! - in de.vsy.chat.server.raw_server_test.ServerConnectionTest
test  Time elapsed: 0 s  <<< ERROR!
java.net.ConnectException: Verbindungsaufbau abgelehnt
	at de.vsy.chat.server.raw_server_test.ServerConnectionTest.test(ServerConnectionTest.java:20)

