-------------------------------------------------------------------------------
Test set: de.vsy.chat.server.raw_server_test.chat.TestClientMessage
-------------------------------------------------------------------------------
Tests run: 1, Failures: 0, Errors: 1, Skipped: 0, Time elapsed: 0.001 s <<< FAILURE! - in de.vsy.chat.server.raw_server_test.chat.TestClientMessage
de.vsy.chat.server.raw_server_test.chat.TestClientMessage  Time elapsed: 0.001 s  <<< ERROR!
org.junit.jupiter.api.extension.ParameterResolutionException: No ParameterResolver registered for parameter [de.vsy.chat.server.raw_server_test.ServerPortProvider arg0] in constructor [public de.vsy.chat.server.raw_server_test.chat.TestClientMessage(de.vsy.chat.server.raw_server_test.ServerPortProvider,java.util.List<de.vsy.chat.transmission.dto.authentication.AuthenticationDTO>)].

