-------------------------------------------------------------------------------
Test set: de.vsy.chat.server.testing_grounds.TestAuthenticationDAO
-------------------------------------------------------------------------------
Tests run: 2, Failures: 0, Errors: 2, Skipped: 0, Time elapsed: 0 s <<< FAILURE! - in de.vsy.chat.server.testing_grounds.TestAuthenticationDAO
addComm  Time elapsed: 0 s  <<< ERROR!
java.lang.IllegalArgumentException: Ungültige Klienten-Id: Fehlerhafte Entitäts-Id: 11111
	at de.vsy.chat.server.testing_grounds.TestAuthenticationDAO.addComm(TestAuthenticationDAO.java:28)

getComm  Time elapsed: 0 s  <<< ERROR!
java.lang.IllegalArgumentException: Ungültige Klienten-Id: Fehlerhafte Entitäts-Id: 11111
	at de.vsy.chat.server.testing_grounds.TestAuthenticationDAO.getComm(TestAuthenticationDAO.java:34)

