-------------------------------------------------------------------------------
Test set: de.vsy.chat.server.thread_stop.TestServiceNotStopping
-------------------------------------------------------------------------------
Tests run: 4, Failures: 0, Errors: 4, Skipped: 0, Time elapsed: 1.011 s <<< FAILURE! - in de.vsy.chat.server.thread_stop.TestServiceNotStopping
TestrequestAssignmentStoppingOnInterrupt  Time elapsed: 1.009 s  <<< ERROR!
java.lang.NullPointerException: Cannot invoke "org.apache.logging.log4j.Logger.info(String)" because "this.LOGGER" is null
	at de.vsy.chat.server.thread_stop.TestServiceNotStopping.TestrequestAssignmentStoppingOnInterrupt(ServiceNotStopping.java:118)

TestInterServerCommunicationStoppingOnInterrupt  Time elapsed: 0 s  <<< ERROR!
java.net.BindException: Die Adresse wird bereits verwendet
	at de.vsy.chat.server.thread_stop.TestServiceNotStopping.initServerPortAndData(ServiceNotStopping.java:45)

TestEstablisherStoppingOnInterrupt  Time elapsed: 0.001 s  <<< ERROR!
java.net.BindException: Die Adresse wird bereits verwendet
	at de.vsy.chat.server.thread_stop.TestServiceNotStopping.initServerPortAndData(ServiceNotStopping.java:45)

TestRequestAssignmentStoppingOnInterrupt  Time elapsed: 0 s  <<< ERROR!
java.net.BindException: Die Adresse wird bereits verwendet
	at de.vsy.chat.server.thread_stop.TestServiceNotStopping.initServerPortAndData(ServiceNotStopping.java:45)

