-------------------------------------------------------------------------------
Test set: de.vsy.chat.server.testing_grounds.TestConnectionThreads
-------------------------------------------------------------------------------
Tests run: 3, Failures: 1, Errors: 0, Skipped: 0, Time elapsed: 0.184 s <<< FAILURE! - in de.vsy.chat.server.testing_grounds.TestConnectionThreads
sendSingleRead  Time elapsed: 0.037 s  <<< FAILURE!
org.opentest4j.AssertionFailedError: expected: not <null>
	at de.vsy.chat.server.testing_grounds.TestConnectionThreads.sendSingleRead(TestConnectionThreads.java:95)

