-------------------------------------------------------------------------------
Test set: de.vsy.chat.server.testing_grounds.TestCommunicatorDAO
-------------------------------------------------------------------------------
Tests run: 4, Failures: 0, Errors: 4, Skipped: 0, Time elapsed: 0.005 s <<< FAILURE! - in de.vsy.chat.server.testing_grounds.TestCommunicatorDAO
delDataComm  Time elapsed: 0.001 s  <<< ERROR!
java.lang.IllegalArgumentException: Ungültige Id: 11111 oder 11111
	at de.vsy.chat.server.testing_grounds.TestCommunicatorDAO.delDataComm(TestCommunicatorDAO.java:42)

delIdComm  Time elapsed: 0.001 s  <<< ERROR!
java.lang.IllegalArgumentException: Ungültige Id: 11111 oder 11111
	at de.vsy.chat.server.testing_grounds.TestCommunicatorDAO.delIdComm(TestCommunicatorDAO.java:49)

addComm  Time elapsed: 0.001 s  <<< ERROR!
java.lang.IllegalArgumentException: Ungültige Id: 11111 oder 11111
	at de.vsy.chat.server.testing_grounds.TestCommunicatorDAO.addComm(TestCommunicatorDAO.java:28)

getComm  Time elapsed: 0.001 s  <<< ERROR!
java.lang.IllegalArgumentException: Ungültige Id: 11111 oder 11111
	at de.vsy.chat.server.testing_grounds.TestCommunicatorDAO.getComm(TestCommunicatorDAO.java:34)

