-------------------------------------------------------------------------------
Test set: de.vsy.chat.server.two_server_test.TestClientStatusChange
-------------------------------------------------------------------------------
Tests run: 5, Failures: 0, Errors: 5, Skipped: 0, Time elapsed: 2.506 s <<< FAILURE! - in de.vsy.chat.server.two_server_test.TestClientStatusChange
changeFromMessengerStateTwoClientSuccess  Time elapsed: 0.499 s  <<< ERROR!
java.net.ConnectException: Verbindungsaufbau abgelehnt

changeToMessengerStateTwoClientSuccess  Time elapsed: 0.502 s  <<< ERROR!
java.net.ConnectException: Verbindungsaufbau abgelehnt

changeMessengerNoStateFailed  Time elapsed: 0.502 s  <<< ERROR!
java.net.ConnectException: Verbindungsaufbau abgelehnt

changeFromMessengerStateSingleClientSuccess  Time elapsed: 0.502 s  <<< ERROR!
java.net.ConnectException: Verbindungsaufbau abgelehnt

changeToMessengerStateSingleClientSuccess  Time elapsed: 0.501 s  <<< ERROR!
java.net.ConnectException: Verbindungsaufbau abgelehnt

