-------------------------------------------------------------------------------
Test set: de.vsy.chat.server.testing_grounds.TestPacketSerialization
-------------------------------------------------------------------------------
Tests run: 2, Failures: 0, Errors: 2, Skipped: 0, Time elapsed: 0.002 s <<< FAILURE! - in de.vsy.chat.server.testing_grounds.TestPacketSerialization
saveRelationRequest  Time elapsed: 0 s  <<< ERROR!
java.lang.IllegalStateException: Kein Datei-Lock angelegt für Deskriptor: PENDING_PACKETS
	at de.vsy.chat.server.testing_grounds.TestPacketSerialization.createFileAccess(TestPacketSerialization.java:26)

readPacket  Time elapsed: 0 s  <<< ERROR!
java.lang.IllegalStateException: Kein Datei-Lock angelegt für Deskriptor: PENDING_PACKETS
	at de.vsy.chat.server.testing_grounds.TestPacketSerialization.createFileAccess(TestPacketSerialization.java:26)

