<?xml version="1.0" encoding="UTF-8"?>
<testsuite xmlns:xsi="http://www.w3.org/2001/XMLSchema-instance" xsi:noNamespaceSchemaLocation="https://maven.apache.org/surefire/maven-surefire-plugin/xsd/surefire-test-report.xsd" name="de.vsy.chat.server.testing_grounds.TestConnectionThreads" time="0.184" tests="3" errors="0" skipped="0" failures="1">
  <properties>
[...]
</properties>
  <testcase name="sendSingleRead" classname="de.vsy.chat.server.testing_grounds.TestConnectionThreads" time="0.037">
    <failure message="expected: not &lt;null&gt;" type="org.opentest4j.AssertionFailedError"><![CDATA[org.opentest4j.AssertionFailedError: expected: not <null>
	at de.vsy.chat.server.testing_grounds.TestConnectionThreads.sendSingleRead(TestConnectionThreads.java:95)
]]></failure>
    <system-out><![CDATA[18:57:16.589 [INFO] PacketReadThread:123 [:21] - Gelesen: { "packetProperties": { "senderEntity": {"entityId": 143456, "entityLabel": CLIENT}, "recipientEntity": {"entityId": 123456, "entityLabel": CLIENT}, "PacketIdentifier": {"packetCategory": AUTHENTICATION, "packetType": CLIENT_LOGIN} }, "packetContent": "LoginRequestDTO": { "authenticationData": "authenticationDTO": { "login": "test", "password": "test" }}, "Hash": bbc7f51a4a956259ac6854f6028dd456d5063810, "RequestHash": null }
18:57:16.590 [INFO] TestConnectionThreads:94 [:1] - { "packetProperties": { "senderEntity": {"entityId": 123456, "entityLabel": CLIENT}, "recipientEntity": {"entityId": 143456, "entityLabel": CLIENT}, "PacketIdentifier": {"packetCategory": STATUS, "packetType": PACKET_RECEIVED} }, "packetContent": null, "Hash": ba5b7e9d18b12ec0de4cebbbf9a5ad3819e5f5e6, "RequestHash": bbc7f51a4a956259ac6854f6028dd456d5063810 }
18:57:16.591 [ERROR] PacketReadThread:97 [:21] - IOException: Verbindung abgebrochen.
]]></system-out>
  </testcase>
  <testcase name="sendTwoConnectionThreads" classname="de.vsy.chat.server.testing_grounds.TestConnectionThreads" time="0.056"/>
  <testcase name="sendSingleConnection" classname="de.vsy.chat.server.testing_grounds.TestConnectionThreads" time="0.09"/>
</testsuite>