<?xml version="1.0" encoding="UTF-8"?>
<testsuite xmlns:xsi="http://www.w3.org/2001/XMLSchema-instance" xsi:noNamespaceSchemaLocation="https://maven.apache.org/surefire/maven-surefire-plugin/xsd/surefire-test-report.xsd" name="de.vsy.chat.server.testing_grounds.TestContactListPersistence" time="0.311" tests="1" errors="1" skipped="0" failures="0">
  <properties>
[...]
</properties>
  <testcase name="addContact" classname="de.vsy.chat.server.testing_grounds.TestContactListPersistence" time="0.015">
    <error message="Kein Datei-Lock angelegt für Deskriptor: CONTACT_LIST" type="java.lang.IllegalStateException">java.lang.IllegalStateException: Kein Datei-Lock angelegt für Deskriptor: CONTACT_LIST
	at de.vsy.chat.server.testing_grounds.TestContactListPersistence.initContactListAccess(TestContactListPersistence.java:18)
</error>
    <system-out><![CDATA[18:57:16.439 [INFO] PersistentDataLocationCreator:35 [:1] - Working directory: /home/fredward/Dokumente/VSY_Chat_Server_Daten/
]]></system-out>
  </testcase>
</testsuite>